<?xml version="1.0" encoding="UTF-8"?>
<!-- Generated by org.testng.reporters.JUnitXMLReporter -->
<testsuite ignored="6" hostname="L068-RatnadeepKhaple" failures="0" tests="1" name="Default test" time="14.648" errors="0" timestamp="2023-10-31T12:46:15 IST">
  <testcase classname="bay_Automation.PLPScenario" name="clickAndCollectTest" time="4.137"/>
  <testcase classname="bay_Automation.PLPScenario" name="PriceOfProductVisibleTest" time="0.0">
    <ignored/>
  </testcase> <!-- PriceOfProductVisibleTest -->
  <testcase classname="bay_Automation.PLPScenario" name="currencyOfProductValTest" time="0.0">
    <ignored/>
  </testcase> <!-- currencyOfProductValTest -->
  <testcase classname="bay_Automation.PLPScenario" name="plpListiew" time="0.0">
    <ignored/>
  </testcase> <!-- plpListiew -->
  <testcase classname="bay_Automation.PLPScenario" name="compareIcon" time="0.0">
    <ignored/>
  </testcase> <!-- compareIcon -->
  <testcase classname="bay_Automation.PLPScenario" name="plpGridiew" time="0.0">
    <ignored/>
  </testcase> <!-- plpGridiew -->
  <testcase classname="bay_Automation.PLPScenario" name="plpGetAllProdName" time="0.0">
    <ignored/>
  </testcase> <!-- plpGetAllProdName -->
</testsuite> <!-- Default test -->
