<?xml version="1.0" encoding="UTF-8"?>
<!-- Generated by org.testng.reporters.JUnitXMLReporter -->
<testsuite ignored="16" hostname="L068-RatnadeepKhaple" failures="0" tests="1" name="Test" time="24.46" errors="0" timestamp="2023-11-22T15:01:27 IST">
  <testcase classname="bay_Automation.PDPScenarioTest" name="addProductToWishlistForLoggedInUserOnly" time="14.317"/>
  <testcase classname="bay_Automation.PDPScenarioTest" name="faqTest" time="0.0">
    <ignored/>
  </testcase> <!-- faqTest -->
  <testcase classname="bay_Automation.PDPScenarioTest" name="quantityDecreaseByOne" time="0.0">
    <ignored/>
  </testcase> <!-- quantityDecreaseByOne -->
  <testcase classname="bay_Automation.PDPScenarioTest" name="quantityManualUpdate" time="0.0">
    <ignored/>
  </testcase> <!-- quantityManualUpdate -->
  <testcase classname="bay_Automation.PDPScenarioTest" name="getSKUOfProduct" time="0.0">
    <ignored/>
  </testcase> <!-- getSKUOfProduct -->
  <testcase classname="bay_Automation.PDPScenarioTest" name="ZoomedViewOfProductTest" time="0.0">
    <ignored/>
  </testcase> <!-- ZoomedViewOfProductTest -->
  <testcase classname="bay_Automation.PDPScenarioTest" name="warrentyDropdown" time="0.0">
    <ignored/>
  </testcase> <!-- warrentyDropdown -->
  <testcase classname="bay_Automation.PDPScenarioTest" name="clickAndCollectButtonTest" time="0.0">
    <ignored/>
  </testcase> <!-- clickAndCollectButtonTest -->
  <testcase classname="bay_Automation.PDPScenarioTest" name="goToProductsSpecificationTest" time="0.0">
    <ignored/>
  </testcase> <!-- goToProductsSpecificationTest -->
  <testcase classname="bay_Automation.PDPScenarioTest" name="reviewRatingTest" time="0.0">
    <ignored/>
  </testcase> <!-- reviewRatingTest -->
  <testcase classname="bay_Automation.PDPScenarioTest" name="getBriefDescpription" time="0.0">
    <ignored/>
  </testcase> <!-- getBriefDescpription -->
  <testcase classname="bay_Automation.PDPScenarioTest" name="getProductName" time="0.0">
    <ignored/>
  </testcase> <!-- getProductName -->
  <testcase classname="bay_Automation.PDPScenarioTest" name="stockStatusCheck" time="0.0">
    <ignored/>
  </testcase> <!-- stockStatusCheck -->
  <testcase classname="bay_Automation.PDPScenarioTest" name="seeDetailsTest" time="0.0">
    <ignored/>
  </testcase> <!-- seeDetailsTest -->
  <testcase classname="bay_Automation.PDPScenarioTest" name="quantityIncreaseByOne" time="0.0">
    <ignored/>
  </testcase> <!-- quantityIncreaseByOne -->
  <testcase classname="bay_Automation.PDPScenarioTest" name="viewOfImageTest" time="0.0">
    <ignored/>
  </testcase> <!-- viewOfImageTest -->
  <testcase classname="bay_Automation.PDPScenarioTest" name="productDescriptionTest" time="0.0">
    <ignored/>
  </testcase> <!-- productDescriptionTest -->
</testsuite> <!-- Test -->
