<?xml version="1.0" encoding="UTF-8"?>
<testng-results ignored="0" total="1" passed="1" failed="0" skipped="0">
  <reporter-output>
  </reporter-output>
  <suite started-at="2023-11-24T11:09:44 IST" name="Suite" finished-at="2023-11-24T11:10:01 IST" duration-ms="17721">
    <groups>
    </groups>
    <test started-at="2023-11-24T11:09:44 IST" name="Test" finished-at="2023-11-24T11:10:01 IST" duration-ms="17721">
      <class name="bay_Automation.AddToCart">
        <test-method is-config="true" signature="beforeConfig()[pri:0, instance:bay_Automation.AddToCart@909217e]" started-at="2023-11-24T11:09:44 IST" name="beforeConfig" finished-at="2023-11-24T11:09:49 IST" duration-ms="5425" status="PASS">
          <reporter-output>
          </reporter-output>
        </test-method> <!-- beforeConfig -->
        <test-method signature="addToCart(java.lang.String)[pri:0, instance:bay_Automation.AddToCart@909217e]" started-at="2023-11-24T11:09:49 IST" name="addToCart" data-provider="productList" finished-at="2023-11-24T11:09:58 IST" duration-ms="9077" status="PASS">
          <params>
            <param index="0">
              <value>
                <![CDATA[(//a[@class='cx-product-name'])[2]]]>
              </value>
            </param>
          </params>
          <reporter-output>
          </reporter-output>
        </test-method> <!-- addToCart -->
        <test-method is-config="true" signature="afterConfig()[pri:0, instance:bay_Automation.AddToCart@909217e]" started-at="2023-11-24T11:09:58 IST" name="afterConfig" finished-at="2023-11-24T11:10:01 IST" duration-ms="3006" status="PASS">
          <reporter-output>
          </reporter-output>
        </test-method> <!-- afterConfig -->
      </class> <!-- bay_Automation.AddToCart -->
    </test> <!-- Test -->
  </suite> <!-- Suite -->
</testng-results>
